\BOOKMARK [1][-]{section*.1}{Events}{}% 1
\BOOKMARK [1][-]{section*.3}{Saturday Event Details}{}% 2
\BOOKMARK [2][-]{section*.4}{Meetup at Peddler Brewing}{section*.3}% 3
\BOOKMARK [1][-]{section*.5}{Sunday Event Details}{}% 4
\BOOKMARK [2][-]{section*.6}{Discovery Park Hike and Picnic Lunch}{section*.5}% 5
\BOOKMARK [2][-]{section*.7}{Rhein Haus}{section*.5}% 6
\BOOKMARK [1][-]{section*.8}{Monday Event Details}{}% 7
\BOOKMARK [2][-]{section*.9}{Yoga with Allison @ Shakti Yoga Seattle}{section*.8}% 8
\BOOKMARK [2][-]{section*.10}{Wedding Celebration!}{section*.8}% 9
\BOOKMARK [1][-]{section*.11}{Things to Do and See in Seattle}{}% 10
\BOOKMARK [2][-]{section*.12}{Touristy Stuff}{section*.11}% 11
\BOOKMARK [3][-]{section*.13}{Pike Place Market}{section*.12}% 12
\BOOKMARK [3][-]{section*.14}{Smith Tower}{section*.12}% 13
\BOOKMARK [2][-]{section*.15}{Bites to Eat}{section*.11}% 14
\BOOKMARK [3][-]{section*.16}{Perch\351 No}{section*.15}% 15
\BOOKMARK [3][-]{section*.17}{Mondello Ristorante Italiano}{section*.15}% 16
\BOOKMARK [3][-]{section*.18}{Pink Salt}{section*.15}% 17
\BOOKMARK [3][-]{section*.19}{Pel'Meni Dumpling Tzar}{section*.15}% 18
\BOOKMARK [3][-]{section*.20}{Other Restaurant Recommendations}{section*.15}% 19
\BOOKMARK [2][-]{section*.21}{The Caf\351 Life}{section*.11}% 20
\BOOKMARK [3][-]{section*.22}{Miro Tea}{section*.21}% 21
\BOOKMARK [3][-]{section*.23}{La Marzocco}{section*.21}% 22
\BOOKMARK [3][-]{section*.24}{Storyville Coffee}{section*.21}% 23
\BOOKMARK [3][-]{section*.25}{Milstead Coffee}{section*.21}% 24
\BOOKMARK [3][-]{section*.26}{Espresso Vivace}{section*.21}% 25
\BOOKMARK [2][-]{section*.27}{Bars and Nightlife}{section*.11}% 26
\BOOKMARK [3][-]{section*.28}{Pie Bar Ballard}{section*.27}% 27
\BOOKMARK [3][-]{section*.29}{Garage}{section*.27}% 28
\BOOKMARK [3][-]{section*.30}{The Noble Fir}{section*.27}% 29
\BOOKMARK [3][-]{section*.31}{Bitterroot BBQ}{section*.27}% 30
\BOOKMARK [3][-]{section*.32}{Deep Dive}{section*.27}% 31
